[mainmo.projectstat]
savedmemoryfiles=6
 run.sta
 macros.sta
 memodialog.sta
 testedit.sta
 edit.sta
 groupedit.sta
run.sta=6
 [runfo]
 stackedunder=
 x=337
 y=266
 cx=897
 cy=460
macros.sta=9
 [macrosfo]
 stackedunder=
 x=89
 y=193
 cx=1195
 cy=491
 wsize=0
 active=1
 visible=1
memodialog.sta=8
 [msememodialogfo]
 x=507
 y=359
 cx=386
 cy=291
 wsize=0
 active=1
 visible=1
testedit.sta=9
 [testeditfo]
 stackedunder=
 x=255
 y=239
 cx=596
 cy=581
 wsize=0
 active=1
 visible=1
edit.sta=9
 [groupeditfo]
 stackedunder=
 x=225
 y=419
 cx=596
 cy=581
 wsize=0
 active=1
 visible=1
groupedit.sta=9
 [groupeditfo]
 stackedunder=
 x=225
 y=419
 cx=596
 cy=581
 wsize=0
 active=1
 visible=1
[tree]
kind=0
a=0,665,0,
c=1
 (
 kind=1
 a=0,665,4,
 c=2
  (
  kind=1
  a=0,665,4,MSEide-MSEgui
  c=1
   (
   kind=2
   a=0,648,1,MSEide
   teststate=1
   path=apps/ide/mseide.pas
   comment=
   cc=
   cd=
   rc=
   rd=
   in=
   eo=
   ao=0
   ee=
   ae=0
   eec=0
   cr=0
   ao=0
   ae=0
   aec=0
   ie=0
   )
  teststate=1
  path=${MSEBASEDIR}/mseide-msegui${MAC_IFDEF(DIREXT)}/
  comment=
  cc=
  cd=
  rc=
  rd=
  in=
  eo=
  ao=0
  ee=
  ae=0
  eec=0
  cdef=
  pdef=
  )
  (
  kind=1
  a=0,665,4,MSEuniverse
  c=3
   (
   kind=2
   a=0,648,1,MSEgit
   teststate=1
   path=msegit/msegit.pas
   comment=
   cc=
   cd=
   rc=
   rd=
   in=
   eo=
   ao=0
   ee=
   ae=0
   eec=
   cr=0
   ao=0
   ae=0
   aec=0
   ie=0
   )
   (
   kind=2
   a=0,648,1,MSEspice
   teststate=1
   path=msespice/msespice.pas
   comment=
   cc=
   cd=
   rc=
   rd=
   in=
   eo=
   ao=0
   ee=
   ae=0
   eec=
   cr=0
   ao=0
   ae=0
   aec=0
   ie=0
   )
   (
   kind=2
   a=0,648,1,MSErun
   teststate=1
   path=mserun/mserun.pas
   comment=
   cc=
   cd=
   rc=
   rd=
   in=
   eo=
   ao=0
   ee=
   ae=0
   eec=
   cr=0
   ao=0
   ae=0
   aec=0
   ie=0
   )
  teststate=1
  path=${MSEBASEDIR}/mseuniverse${MAC_IFDEF(DIREXT)}/tools/
  comment=
  cc=${FPC} -Fu${MSEBASEDIR}/mseuniverse/tools/toolsskin ${FILE}
  cd=
  rc=
  rd=
  in=
  eo=
  ao=0
  ee=
  ae=0
  eec=
  cdef=
  pdef=
  )
 teststate=1
 path=
 comment=
 cc=${FPC} ${FILE}
 cd=
 rc=
 rd=
 in=
 eo=
 ao=0
 ee=
 ae=0
 eec=0
 cdef=
 pdef=
 )
teststate=0
[options]
[mainmo.stoponfirsterr]
checked=0
[mainmo.stoponcomperr]
checked=0
[mainmo.trttistat1]
macronames=14
 FPCINSTDIR
 FPCINSTDIR
 COMPILERBIN
 COMPILERBIN
 FPCUNITDIR
 FPCUNITDIR
 TARGET
 MSEBASEDIR
 MSELIBDIR
 FPCUNITS
 MSEUNITS
 COMPILER
 FPCFLAGS
 FPC
macrovalues=14
 /home/mse/packs/standard/svn/fp/builds/fixes_2_6
 /home/mse/packs/standard/svn/fp/builds/fixes_3_0
 lib/fpc/2.6.5/ppc386
 lib/fpc/3.0.1/ppc386
 lib/fpc/2.6.5/units/i386-linux
 lib/fpc/3.0.1/units/i386-linux
 linux
 /home/mse/packs/standard/git/
 ${FILE_SYS(${MSEBASEDIR}/mseide-msegui/lib/common/)}
 -Fu${FILE_SYS(${FPCINSTDIR}/${FPCUNITDIR}/*)}
 -Fu${MSELIBDIR}* -Fu${FILE_SYS(${MSELIBDIR}kernel/)}${TARGET}
 ${FPCINSTDIR}/${FILE_SYS(${COMPILERBIN})}
 -n -viwn -Xg -B -O2 -XX -Xs -CX -l -Fcutf8 -dmse_with_deprecated ${MSEUNITS} ${FPCUNITS} ${MAC_IFDEF(OPT)}
 ${COMPILER} ${FPCFLAGS}
macroon=14
 1
 2
 1
 2
 1
 2
 63
 63
 63
 63
 63
 63
 63
 63
macrogroup=1
groupcomment=6
 fixes_2_6
 fixes_3_0
 
 
 
 
[mainfo]
stackedunder=
x=54
y=313
cx=1018
cy=316
wsize=0
active=1
visible=1
[mainfo.grid]
propcolwidthref=927
width0=50
sortdescend0=0
width1=281
sortdescend1=0
width2=548
sortdescend2=0
width3=413
sortdescend3=0
sortdescend4=0
rowstate=7
 0 0
 0 0
 0 0
 0 0
 0 0
 0 0
 0 0
